# JRE version: OpenJDK Runtime Environment (8.0_212-b04) (build 1.8.0_212-release-1586-b04)
# Java VM: OpenJDK 64-Bit Server VM (25.212-b04 mixed mode windows-amd64 compressed oops)
Heap:
 PSYoungGen      total 38400K, used 4063K [0x00000000d5800000, 0x00000000d8280000, 0x0000000100000000)
  eden space 33280K, 12% used [0x00000000d5800000,0x00000000d5bf7da8,0x00000000d7880000)
  from space 5120K, 0% used [0x00000000d7880000,0x00000000d7880000,0x00000000d7d80000)
  to   space 5120K, 0% used [0x00000000d7d80000,0x00000000d7d80000,0x00000000d8280000)
 ParOldGen       total 66048K, used 9039K [0x0000000080800000, 0x0000000084880000, 0x00000000d5800000)
  object space 66048K, 13% used [0x0000000080800000,0x00000000810d3dd0,0x0000000084880000)
 Metaspace       used 22043K, capacity 22532K, committed 22832K, reserved 1069056K
  class space    used 2640K, capacity 2801K, committed 2864K, reserved 1048576K
GC Heap History (8 events):
Event: 0.747 GC heap before
{Heap before GC invocations=1 (full 0):
 PSYoungGen      total 38400K, used 33280K [0x00000000d5800000, 0x00000000d8280000, 0x0000000100000000)
  eden space 33280K, 100% used [0x00000000d5800000,0x00000000d7880000,0x00000000d7880000)
  from space 5120K, 0% used [0x00000000d7d80000,0x00000000d7d80000,0x00000000d8280000)
  to   space 5120K, 0% used [0x00000000d7880000,0x00000000d7880000,0x00000000d7d80000)
 ParOldGen       total 87552K, used 0K [0x0000000080800000, 0x0000000085d80000, 0x00000000d5800000)
  object space 87552K, 0% used [0x0000000080800000,0x0000000080800000,0x0000000085d80000)
 Metaspace       used 9996K, capacity 10220K, committed 10496K, reserved 1058816K
  class space    used 1101K, capacity 1180K, committed 1280K, reserved 1048576K
Event: 0.756 GC heap after
Heap after GC invocations=1 (full 0):
 PSYoungGen      total 38400K, used 5113K [0x00000000d5800000, 0x00000000d8280000, 0x0000000100000000)
  eden space 33280K, 0% used [0x00000000d5800000,0x00000000d5800000,0x00000000d7880000)
  from space 5120K, 99% used [0x00000000d7880000,0x00000000d7d7e568,0x00000000d7d80000)
  to   space 5120K, 0% used [0x00000000d7d80000,0x00000000d7d80000,0x00000000d8280000)
 ParOldGen       total 87552K, used 2651K [0x0000000080800000, 0x0000000085d80000, 0x00000000d5800000)
  object space 87552K, 3% used [0x0000000080800000,0x0000000080a96da8,0x0000000085d80000)
 Metaspace       used 9996K, capacity 10220K, committed 10496K, reserved 1058816K
  class space    used 1101K, capacity 1180K, committed 1280K, reserved 1048576K
}
Event: 1.296 GC heap before
{Heap before GC invocations=2 (full 0):
 PSYoungGen      total 38400K, used 38393K [0x00000000d5800000, 0x00000000d8280000, 0x0000000100000000)
  eden space 33280K, 100% used [0x00000000d5800000,0x00000000d7880000,0x00000000d7880000)
  from space 5120K, 99% used [0x00000000d7880000,0x00000000d7d7e568,0x00000000d7d80000)
  to   space 5120K, 0% used [0x00000000d7d80000,0x00000000d7d80000,0x00000000d8280000)
 ParOldGen       total 87552K, used 2651K [0x0000000080800000, 0x0000000085d80000, 0x00000000d5800000)
  object space 87552K, 3% used [0x0000000080800000,0x0000000080a96da8,0x0000000085d80000)
 Metaspace       used 15971K, capacity 16300K, committed 16640K, reserved 1064960K
  class space    used 1858K, capacity 1946K, committed 2048K, reserved 1048576K
Event: 1.309 GC heap after
Heap after GC invocations=2 (full 0):
 PSYoungGen      total 38400K, used 5112K [0x00000000d5800000, 0x00000000d8280000, 0x0000000100000000)
  eden space 33280K, 0% used [0x00000000d5800000,0x00000000d5800000,0x00000000d7880000)
  from space 5120K, 99% used [0x00000000d7d80000,0x00000000d827e290,0x00000000d8280000)
  to   space 5120K, 0% used [0x00000000d7880000,0x00000000d7880000,0x00000000d7d80000)
 ParOldGen       total 87552K, used 7644K [0x0000000080800000, 0x0000000085d80000, 0x00000000d5800000)
  object space 87552K, 8% used [0x0000000080800000,0x0000000080f77288,0x0000000085d80000)
 Metaspace       used 15971K, capacity 16300K, committed 16640K, reserved 1064960K
  class space    used 1858K, capacity 1946K, committed 2048K, reserved 1048576K
}
Event: 1.619 GC heap before
{Heap before GC invocations=3 (full 0):
 PSYoungGen      total 38400K, used 23427K [0x00000000d5800000, 0x00000000d8280000, 0x0000000100000000)
  eden space 33280K, 55% used [0x00000000d5800000,0x00000000d69e2c40,0x00000000d7880000)
  from space 5120K, 99% used [0x00000000d7d80000,0x00000000d827e290,0x00000000d8280000)
  to   space 5120K, 0% used [0x00000000d7880000,0x00000000d7880000,0x00000000d7d80000)
 ParOldGen       total 87552K, used 7644K [0x0000000080800000, 0x0000000085d80000, 0x00000000d5800000)
  object space 87552K, 8% used [0x0000000080800000,0x0000000080f77288,0x0000000085d80000)
 Metaspace       used 20832K, capacity 21190K, committed 21296K, reserved 1069056K
  class space    used 2464K, capacity 2593K, committed 2608K, reserved 1048576K
Event: 1.630 GC heap after
Heap after GC invocations=3 (full 0):
 PSYoungGen      total 38400K, used 5100K [0x00000000d5800000, 0x00000000d8280000, 0x0000000100000000)
  eden space 33280K, 0% used [0x00000000d5800000,0x00000000d5800000,0x00000000d7880000)
  from space 5120K, 99% used [0x00000000d7880000,0x00000000d7d7b2b0,0x00000000d7d80000)
  to   space 5120K, 0% used [0x00000000d7d80000,0x00000000d7d80000,0x00000000d8280000)
 ParOldGen       total 87552K, used 11745K [0x0000000080800000, 0x0000000085d80000, 0x00000000d5800000)
  object space 87552K, 13% used [0x0000000080800000,0x0000000081378598,0x0000000085d80000)
 Metaspace       used 20832K, capacity 21190K, committed 21296K, reserved 1069056K
  class space    used 2464K, capacity 2593K, committed 2608K, reserved 1048576K
}
Event: 1.630 GC heap before
{Heap before GC invocations=4 (full 1):
 PSYoungGen      total 38400K, used 5100K [0x00000000d5800000, 0x00000000d8280000, 0x0000000100000000)
  eden space 33280K, 0% used [0x00000000d5800000,0x00000000d5800000,0x00000000d7880000)
  from space 5120K, 99% used [0x00000000d7880000,0x00000000d7d7b2b0,0x00000000d7d80000)
  to   space 5120K, 0% used [0x00000000d7d80000,0x00000000d7d80000,0x00000000d8280000)
 ParOldGen       total 87552K, used 11745K [0x0000000080800000, 0x0000000085d80000, 0x00000000d5800000)
  object space 87552K, 13% used [0x0000000080800000,0x0000000081378598,0x0000000085d80000)
 Metaspace       used 20832K, capacity 21190K, committed 21296K, reserved 1069056K
  class space    used 2464K, capacity 2593K, committed 2608K, reserved 1048576K
Event: 1.676 GC heap after
Heap after GC invocations=4 (full 1):
 PSYoungGen      total 38400K, used 0K [0x00000000d5800000, 0x00000000d8280000, 0x0000000100000000)
  eden space 33280K, 0% used [0x00000000d5800000,0x00000000d5800000,0x00000000d7880000)
  from space 5120K, 0% used [0x00000000d7880000,0x00000000d7880000,0x00000000d7d80000)
  to   space 5120K, 0% used [0x00000000d7d80000,0x00000000d7d80000,0x00000000d8280000)
 ParOldGen       total 66048K, used 9039K [0x0000000080800000, 0x0000000084880000, 0x00000000d5800000)
  object space 66048K, 13% used [0x0000000080800000,0x00000000810d3dd0,0x0000000084880000)
 Metaspace       used 20832K, capacity 21190K, committed 21296K, reserved 1069056K
  class space    used 2464K, capacity 2593K, committed 2608K, reserved 1048576K
}

