# JRE version: OpenJDK Runtime Environment (8.0_212-b04) (build 1.8.0_212-release-1586-b04)
# Java VM: OpenJDK 64-Bit Server VM (25.212-b04 mixed mode windows-amd64 compressed oops)
Heap:
 PSYoungGen      total 293888K, used 125493K [0x00000000e0000000, 0x00000000f5580000, 0x0000000100000000)
  eden space 259584K, 48% used [0x00000000e0000000,0x00000000e7a8d7e8,0x00000000efd80000)
  from space 34304K, 0% used [0x00000000efd80000,0x00000000efd80000,0x00000000f1f00000)
  to   space 35840K, 0% used [0x00000000f3280000,0x00000000f3280000,0x00000000f5580000)
 ParOldGen       total 132096K, used 64123K [0x00000000a0000000, 0x00000000a8100000, 0x00000000e0000000)
  object space 132096K, 48% used [0x00000000a0000000,0x00000000a3e9ed90,0x00000000a8100000)
 Metaspace       used 93864K, capacity 98244K, committed 99392K, reserved 1134592K
  class space    used 12353K, capacity 13229K, committed 13568K, reserved 1048576K
GC Heap History (10 events):
Event: 28.409 GC heap before
{Heap before GC invocations=19 (full 3):
 PSYoungGen      total 229888K, used 223539K [0x00000000e0000000, 0x00000000f2880000, 0x0000000100000000)
  eden space 201728K, 100% used [0x00000000e0000000,0x00000000ec500000,0x00000000ec500000)
  from space 28160K, 77% used [0x00000000ec500000,0x00000000eda4cf60,0x00000000ee080000)
  to   space 30208K, 0% used [0x00000000f0b00000,0x00000000f0b00000,0x00000000f2880000)
 ParOldGen       total 132096K, used 59626K [0x00000000a0000000, 0x00000000a8100000, 0x00000000e0000000)
  object space 132096K, 45% used [0x00000000a0000000,0x00000000a3a3a990,0x00000000a8100000)
 Metaspace       used 88754K, capacity 93212K, committed 93440K, reserved 1130496K
  class space    used 12130K, capacity 12995K, committed 13056K, reserved 1048576K
Event: 28.434 GC heap after
Heap after GC invocations=19 (full 3):
 PSYoungGen      total 268288K, used 21274K [0x00000000e0000000, 0x00000000f2780000, 0x0000000100000000)
  eden space 239104K, 0% used [0x00000000e0000000,0x00000000e0000000,0x00000000ee980000)
  from space 29184K, 72% used [0x00000000f0b00000,0x00000000f1fc6b20,0x00000000f2780000)
  to   space 31744K, 0% used [0x00000000ee980000,0x00000000ee980000,0x00000000f0880000)
 ParOldGen       total 132096K, used 59634K [0x00000000a0000000, 0x00000000a8100000, 0x00000000e0000000)
  object space 132096K, 45% used [0x00000000a0000000,0x00000000a3a3c990,0x00000000a8100000)
 Metaspace       used 88754K, capacity 93212K, committed 93440K, reserved 1130496K
  class space    used 12130K, capacity 12995K, committed 13056K, reserved 1048576K
}
Event: 141.198 GC heap before
{Heap before GC invocations=20 (full 3):
 PSYoungGen      total 268288K, used 260378K [0x00000000e0000000, 0x00000000f2780000, 0x0000000100000000)
  eden space 239104K, 100% used [0x00000000e0000000,0x00000000ee980000,0x00000000ee980000)
  from space 29184K, 72% used [0x00000000f0b00000,0x00000000f1fc6b20,0x00000000f2780000)
  to   space 31744K, 0% used [0x00000000ee980000,0x00000000ee980000,0x00000000f0880000)
 ParOldGen       total 132096K, used 59634K [0x00000000a0000000, 0x00000000a8100000, 0x00000000e0000000)
  object space 132096K, 45% used [0x00000000a0000000,0x00000000a3a3c990,0x00000000a8100000)
 Metaspace       used 92127K, capacity 96654K, committed 97024K, reserved 1132544K
  class space    used 12294K, capacity 13194K, committed 13312K, reserved 1048576K
Event: 141.228 GC heap after
Heap after GC invocations=20 (full 3):
 PSYoungGen      total 270848K, used 22533K [0x00000000e0000000, 0x00000000f4200000, 0x0000000100000000)
  eden space 239104K, 0% used [0x00000000e0000000,0x00000000e0000000,0x00000000ee980000)
  from space 31744K, 70% used [0x00000000ee980000,0x00000000eff81588,0x00000000f0880000)
  to   space 33280K, 0% used [0x00000000f2180000,0x00000000f2180000,0x00000000f4200000)
 ParOldGen       total 132096K, used 59642K [0x00000000a0000000, 0x00000000a8100000, 0x00000000e0000000)
  object space 132096K, 45% used [0x00000000a0000000,0x00000000a3a3e990,0x00000000a8100000)
 Metaspace       used 92127K, capacity 96654K, committed 97024K, reserved 1132544K
  class space    used 12294K, capacity 13194K, committed 13312K, reserved 1048576K
}
Event: 152.502 GC heap before
{Heap before GC invocations=21 (full 3):
 PSYoungGen      total 270848K, used 261637K [0x00000000e0000000, 0x00000000f4200000, 0x0000000100000000)
  eden space 239104K, 100% used [0x00000000e0000000,0x00000000ee980000,0x00000000ee980000)
  from space 31744K, 70% used [0x00000000ee980000,0x00000000eff81588,0x00000000f0880000)
  to   space 33280K, 0% used [0x00000000f2180000,0x00000000f2180000,0x00000000f4200000)
 ParOldGen       total 132096K, used 59642K [0x00000000a0000000, 0x00000000a8100000, 0x00000000e0000000)
  object space 132096K, 45% used [0x00000000a0000000,0x00000000a3a3e990,0x00000000a8100000)
 Metaspace       used 92707K, capacity 97488K, committed 97536K, reserved 1134592K
  class space    used 12343K, capacity 13279K, committed 13312K, reserved 1048576K
Event: 152.532 GC heap after
Heap after GC invocations=21 (full 3):
 PSYoungGen      total 291328K, used 22142K [0x00000000e0000000, 0x00000000f4080000, 0x0000000100000000)
  eden space 259584K, 0% used [0x00000000e0000000,0x00000000e0000000,0x00000000efd80000)
  from space 31744K, 69% used [0x00000000f2180000,0x00000000f371f8e0,0x00000000f4080000)
  to   space 34304K, 0% used [0x00000000efd80000,0x00000000efd80000,0x00000000f1f00000)
 ParOldGen       total 132096K, used 59650K [0x00000000a0000000, 0x00000000a8100000, 0x00000000e0000000)
  object space 132096K, 45% used [0x00000000a0000000,0x00000000a3a40990,0x00000000a8100000)
 Metaspace       used 92707K, capacity 97488K, committed 97536K, reserved 1134592K
  class space    used 12343K, capacity 13279K, committed 13312K, reserved 1048576K
}
Event: 309.164 GC heap before
{Heap before GC invocations=22 (full 3):
 PSYoungGen      total 291328K, used 274798K [0x00000000e0000000, 0x00000000f4080000, 0x0000000100000000)
  eden space 259584K, 97% used [0x00000000e0000000,0x00000000ef6bc288,0x00000000efd80000)
  from space 31744K, 69% used [0x00000000f2180000,0x00000000f371f8e0,0x00000000f4080000)
  to   space 34304K, 0% used [0x00000000efd80000,0x00000000efd80000,0x00000000f1f00000)
 ParOldGen       total 132096K, used 59650K [0x00000000a0000000, 0x00000000a8100000, 0x00000000e0000000)
  object space 132096K, 45% used [0x00000000a0000000,0x00000000a3a40990,0x00000000a8100000)
 Metaspace       used 93410K, capacity 98416K, committed 98496K, reserved 1134592K
  class space    used 12403K, capacity 13385K, committed 13440K, reserved 1048576K
Event: 309.371 GC heap after
Heap after GC invocations=22 (full 3):
 PSYoungGen      total 293888K, used 24789K [0x00000000e0000000, 0x00000000f5580000, 0x0000000100000000)
  eden space 259584K, 0% used [0x00000000e0000000,0x00000000e0000000,0x00000000efd80000)
  from space 34304K, 72% used [0x00000000efd80000,0x00000000f15b5578,0x00000000f1f00000)
  to   space 35840K, 0% used [0x00000000f3280000,0x00000000f3280000,0x00000000f5580000)
 ParOldGen       total 132096K, used 59658K [0x00000000a0000000, 0x00000000a8100000, 0x00000000e0000000)
  object space 132096K, 45% used [0x00000000a0000000,0x00000000a3a42990,0x00000000a8100000)
 Metaspace       used 93410K, capacity 98416K, committed 98496K, reserved 1134592K
  class space    used 12403K, capacity 13385K, committed 13440K, reserved 1048576K
}
Event: 309.371 GC heap before
{Heap before GC invocations=23 (full 4):
 PSYoungGen      total 293888K, used 24789K [0x00000000e0000000, 0x00000000f5580000, 0x0000000100000000)
  eden space 259584K, 0% used [0x00000000e0000000,0x00000000e0000000,0x00000000efd80000)
  from space 34304K, 72% used [0x00000000efd80000,0x00000000f15b5578,0x00000000f1f00000)
  to   space 35840K, 0% used [0x00000000f3280000,0x00000000f3280000,0x00000000f5580000)
 ParOldGen       total 132096K, used 59658K [0x00000000a0000000, 0x00000000a8100000, 0x00000000e0000000)
  object space 132096K, 45% used [0x00000000a0000000,0x00000000a3a42990,0x00000000a8100000)
 Metaspace       used 93410K, capacity 98416K, committed 98496K, reserved 1134592K
  class space    used 12403K, capacity 13385K, committed 13440K, reserved 1048576K
Event: 310.166 GC heap after
Heap after GC invocations=23 (full 4):
 PSYoungGen      total 293888K, used 0K [0x00000000e0000000, 0x00000000f5580000, 0x0000000100000000)
  eden space 259584K, 0% used [0x00000000e0000000,0x00000000e0000000,0x00000000efd80000)
  from space 34304K, 0% used [0x00000000efd80000,0x00000000efd80000,0x00000000f1f00000)
  to   space 35840K, 0% used [0x00000000f3280000,0x00000000f3280000,0x00000000f5580000)
 ParOldGen       total 132096K, used 64123K [0x00000000a0000000, 0x00000000a8100000, 0x00000000e0000000)
  object space 132096K, 48% used [0x00000000a0000000,0x00000000a3e9ed90,0x00000000a8100000)
 Metaspace       used 92932K, capacity 97152K, committed 98496K, reserved 1134592K
  class space    used 12238K, capacity 13093K, committed 13440K, reserved 1048576K
}

