# JRE version: OpenJDK Runtime Environment (8.0_212-b04) (build 1.8.0_212-release-1586-b04)
# Java VM: OpenJDK 64-Bit Server VM (25.212-b04 mixed mode windows-amd64 compressed oops)
Heap:
 PSYoungGen      total 200192K, used 3821K [0x00000000e0000000, 0x00000000ee400000, 0x0000000100000000)
  eden space 180736K, 2% used [0x00000000e0000000,0x00000000e03bb690,0x00000000eb080000)
  from space 19456K, 0% used [0x00000000ec380000,0x00000000ec380000,0x00000000ed680000)
  to   space 19456K, 0% used [0x00000000eb080000,0x00000000eb080000,0x00000000ec380000)
 ParOldGen       total 128512K, used 29798K [0x00000000a0000000, 0x00000000a7d80000, 0x00000000e0000000)
  object space 128512K, 23% used [0x00000000a0000000,0x00000000a1d19800,0x00000000a7d80000)
 Metaspace       used 57410K, capacity 59212K, committed 59352K, reserved 1099776K
  class space    used 7867K, capacity 8261K, committed 8320K, reserved 1048576K
GC Heap History (10 events):
Event: 5.550 GC heap before
{Heap before GC invocations=11 (full 2):
 PSYoungGen      total 118784K, used 10052K [0x00000000e0000000, 0x00000000ea780000, 0x0000000100000000)
  eden space 107008K, 0% used [0x00000000e0000000,0x00000000e0000000,0x00000000e6880000)
  from space 11776K, 85% used [0x00000000e6880000,0x00000000e72511f0,0x00000000e7400000)
  to   space 12800K, 0% used [0x00000000e9b00000,0x00000000e9b00000,0x00000000ea780000)
 ParOldGen       total 58880K, used 9490K [0x00000000a0000000, 0x00000000a3980000, 0x00000000e0000000)
  object space 58880K, 16% used [0x00000000a0000000,0x00000000a0944808,0x00000000a3980000)
 Metaspace       used 34568K, capacity 35380K, committed 35456K, reserved 1079296K
  class space    used 4734K, capacity 4961K, committed 4992K, reserved 1048576K
Event: 5.609 GC heap after
Heap after GC invocations=11 (full 2):
 PSYoungGen      total 118784K, used 0K [0x00000000e0000000, 0x00000000ea780000, 0x0000000100000000)
  eden space 107008K, 0% used [0x00000000e0000000,0x00000000e0000000,0x00000000e6880000)
  from space 11776K, 0% used [0x00000000e6880000,0x00000000e6880000,0x00000000e7400000)
  to   space 12800K, 0% used [0x00000000e9b00000,0x00000000e9b00000,0x00000000ea780000)
 ParOldGen       total 89088K, used 16971K [0x00000000a0000000, 0x00000000a5700000, 0x00000000e0000000)
  object space 89088K, 19% used [0x00000000a0000000,0x00000000a1092e00,0x00000000a5700000)
 Metaspace       used 34553K, capacity 35332K, committed 35456K, reserved 1079296K
  class space    used 4729K, capacity 4953K, committed 4992K, reserved 1048576K
}
Event: 7.147 GC heap before
{Heap before GC invocations=12 (full 2):
 PSYoungGen      total 118784K, used 107008K [0x00000000e0000000, 0x00000000ea780000, 0x0000000100000000)
  eden space 107008K, 100% used [0x00000000e0000000,0x00000000e6880000,0x00000000e6880000)
  from space 11776K, 0% used [0x00000000e6880000,0x00000000e6880000,0x00000000e7400000)
  to   space 12800K, 0% used [0x00000000e9b00000,0x00000000e9b00000,0x00000000ea780000)
 ParOldGen       total 89088K, used 16971K [0x00000000a0000000, 0x00000000a5700000, 0x00000000e0000000)
  object space 89088K, 19% used [0x00000000a0000000,0x00000000a1092e00,0x00000000a5700000)
 Metaspace       used 44732K, capacity 45924K, committed 46080K, reserved 1089536K
  class space    used 6030K, capacity 6320K, committed 6400K, reserved 1048576K
Event: 7.180 GC heap after
Heap after GC invocations=12 (full 2):
 PSYoungGen      total 152064K, used 12772K [0x00000000e0000000, 0x00000000ea780000, 0x0000000100000000)
  eden space 139264K, 0% used [0x00000000e0000000,0x00000000e0000000,0x00000000e8800000)
  from space 12800K, 99% used [0x00000000e9b00000,0x00000000ea7792e0,0x00000000ea780000)
  to   space 14336K, 0% used [0x00000000e8b80000,0x00000000e8b80000,0x00000000e9980000)
 ParOldGen       total 89088K, used 18123K [0x00000000a0000000, 0x00000000a5700000, 0x00000000e0000000)
  object space 89088K, 20% used [0x00000000a0000000,0x00000000a11b2e70,0x00000000a5700000)
 Metaspace       used 44732K, capacity 45924K, committed 46080K, reserved 1089536K
  class space    used 6030K, capacity 6320K, committed 6400K, reserved 1048576K
}
Event: 8.973 GC heap before
{Heap before GC invocations=13 (full 2):
 PSYoungGen      total 152064K, used 152036K [0x00000000e0000000, 0x00000000ea780000, 0x0000000100000000)
  eden space 139264K, 100% used [0x00000000e0000000,0x00000000e8800000,0x00000000e8800000)
  from space 12800K, 99% used [0x00000000e9b00000,0x00000000ea7792e0,0x00000000ea780000)
  to   space 14336K, 0% used [0x00000000e8b80000,0x00000000e8b80000,0x00000000e9980000)
 ParOldGen       total 89088K, used 18123K [0x00000000a0000000, 0x00000000a5700000, 0x00000000e0000000)
  object space 89088K, 20% used [0x00000000a0000000,0x00000000a11b2e70,0x00000000a5700000)
 Metaspace       used 56118K, capacity 57802K, committed 57984K, reserved 1099776K
  class space    used 7632K, capacity 8020K, committed 8064K, reserved 1048576K
Event: 9.007 GC heap after
Heap after GC invocations=13 (full 2):
 PSYoungGen      total 157184K, used 14327K [0x00000000e0000000, 0x00000000ed680000, 0x0000000100000000)
  eden space 142848K, 0% used [0x00000000e0000000,0x00000000e0000000,0x00000000e8b80000)
  from space 14336K, 99% used [0x00000000e8b80000,0x00000000e997de18,0x00000000e9980000)
  to   space 19456K, 0% used [0x00000000ec380000,0x00000000ec380000,0x00000000ed680000)
 ParOldGen       total 89088K, used 26506K [0x00000000a0000000, 0x00000000a5700000, 0x00000000e0000000)
  object space 89088K, 29% used [0x00000000a0000000,0x00000000a19e2a28,0x00000000a5700000)
 Metaspace       used 56118K, capacity 57802K, committed 57984K, reserved 1099776K
  class space    used 7632K, capacity 8020K, committed 8064K, reserved 1048576K
}
Event: 9.225 GC heap before
{Heap before GC invocations=14 (full 2):
 PSYoungGen      total 157184K, used 34730K [0x00000000e0000000, 0x00000000ed680000, 0x0000000100000000)
  eden space 142848K, 14% used [0x00000000e0000000,0x00000000e13ecc08,0x00000000e8b80000)
  from space 14336K, 99% used [0x00000000e8b80000,0x00000000e997de18,0x00000000e9980000)
  to   space 19456K, 0% used [0x00000000ec380000,0x00000000ec380000,0x00000000ed680000)
 ParOldGen       total 89088K, used 26506K [0x00000000a0000000, 0x00000000a5700000, 0x00000000e0000000)
  object space 89088K, 29% used [0x00000000a0000000,0x00000000a19e2a28,0x00000000a5700000)
 Metaspace       used 57230K, capacity 59012K, committed 59096K, reserved 1099776K
  class space    used 7838K, capacity 8259K, committed 8320K, reserved 1048576K
Event: 9.240 GC heap after
Heap after GC invocations=14 (full 2):
 PSYoungGen      total 200192K, used 1600K [0x00000000e0000000, 0x00000000ee400000, 0x0000000100000000)
  eden space 180736K, 0% used [0x00000000e0000000,0x00000000e0000000,0x00000000eb080000)
  from space 19456K, 8% used [0x00000000ec380000,0x00000000ec510020,0x00000000ed680000)
  to   space 19456K, 0% used [0x00000000eb080000,0x00000000eb080000,0x00000000ec380000)
 ParOldGen       total 89088K, used 34349K [0x00000000a0000000, 0x00000000a5700000, 0x00000000e0000000)
  object space 89088K, 38% used [0x00000000a0000000,0x00000000a218b578,0x00000000a5700000)
 Metaspace       used 57230K, capacity 59012K, committed 59096K, reserved 1099776K
  class space    used 7838K, capacity 8259K, committed 8320K, reserved 1048576K
}
Event: 9.240 GC heap before
{Heap before GC invocations=15 (full 3):
 PSYoungGen      total 200192K, used 1600K [0x00000000e0000000, 0x00000000ee400000, 0x0000000100000000)
  eden space 180736K, 0% used [0x00000000e0000000,0x00000000e0000000,0x00000000eb080000)
  from space 19456K, 8% used [0x00000000ec380000,0x00000000ec510020,0x00000000ed680000)
  to   space 19456K, 0% used [0x00000000eb080000,0x00000000eb080000,0x00000000ec380000)
 ParOldGen       total 89088K, used 34349K [0x00000000a0000000, 0x00000000a5700000, 0x00000000e0000000)
  object space 89088K, 38% used [0x00000000a0000000,0x00000000a218b578,0x00000000a5700000)
 Metaspace       used 57230K, capacity 59012K, committed 59096K, reserved 1099776K
  class space    used 7838K, capacity 8259K, committed 8320K, reserved 1048576K
Event: 9.505 GC heap after
Heap after GC invocations=15 (full 3):
 PSYoungGen      total 200192K, used 0K [0x00000000e0000000, 0x00000000ee400000, 0x0000000100000000)
  eden space 180736K, 0% used [0x00000000e0000000,0x00000000e0000000,0x00000000eb080000)
  from space 19456K, 0% used [0x00000000ec380000,0x00000000ec380000,0x00000000ed680000)
  to   space 19456K, 0% used [0x00000000eb080000,0x00000000eb080000,0x00000000ec380000)
 ParOldGen       total 128512K, used 29798K [0x00000000a0000000, 0x00000000a7d80000, 0x00000000e0000000)
  object space 128512K, 23% used [0x00000000a0000000,0x00000000a1d19800,0x00000000a7d80000)
 Metaspace       used 57230K, capacity 59012K, committed 59096K, reserved 1099776K
  class space    used 7838K, capacity 8259K, committed 8320K, reserved 1048576K
}

