# JRE version: OpenJDK Runtime Environment (8.0_212-b04) (build 1.8.0_212-release-1586-b04)
# Java VM: OpenJDK 64-Bit Server VM (25.212-b04 mixed mode windows-amd64 compressed oops)
Heap:
 PSYoungGen      total 240640K, used 81201K [0x00000000e0000000, 0x00000000f1e80000, 0x0000000100000000)
  eden space 203264K, 34% used [0x00000000e0000000,0x00000000e43a42f8,0x00000000ec680000)
  from space 37376K, 31% used [0x00000000ec680000,0x00000000ed228130,0x00000000eeb00000)
  to   space 36352K, 0% used [0x00000000efb00000,0x00000000efb00000,0x00000000f1e80000)
 ParOldGen       total 228864K, used 61803K [0x00000000a0000000, 0x00000000adf80000, 0x00000000e0000000)
  object space 228864K, 27% used [0x00000000a0000000,0x00000000a3c5ada0,0x00000000adf80000)
 Metaspace       used 96038K, capacity 101410K, committed 101632K, reserved 1136640K
  class space    used 12564K, capacity 13558K, committed 13568K, reserved 1048576K
GC Heap History (10 events):
Event: 1329.067 GC heap before
{Heap before GC invocations=21 (full 3):
 PSYoungGen      total 206336K, used 110856K [0x00000000e0000000, 0x00000000f0700000, 0x0000000100000000)
  eden space 189440K, 49% used [0x00000000e0000000,0x00000000e5c197d8,0x00000000eb900000)
  from space 16896K, 97% used [0x00000000ec580000,0x00000000ed5a8aa8,0x00000000ed600000)
  to   space 39424K, 0% used [0x00000000ee080000,0x00000000ee080000,0x00000000f0700000)
 ParOldGen       total 151040K, used 77921K [0x00000000a0000000, 0x00000000a9380000, 0x00000000e0000000)
  object space 151040K, 51% used [0x00000000a0000000,0x00000000a4c184b8,0x00000000a9380000)
 Metaspace       used 93272K, capacity 98402K, committed 98496K, reserved 1134592K
  class space    used 12375K, capacity 13346K, committed 13440K, reserved 1048576K
Event: 1329.090 GC heap after
Heap after GC invocations=21 (full 3):
 PSYoungGen      total 215552K, used 22295K [0x00000000e0000000, 0x00000000eff80000, 0x0000000100000000)
  eden space 183808K, 0% used [0x00000000e0000000,0x00000000e0000000,0x00000000eb380000)
  from space 31744K, 70% used [0x00000000ee080000,0x00000000ef645d58,0x00000000eff80000)
  to   space 38912K, 0% used [0x00000000eb380000,0x00000000eb380000,0x00000000ed980000)
 ParOldGen       total 151040K, used 77921K [0x00000000a0000000, 0x00000000a9380000, 0x00000000e0000000)
  object space 151040K, 51% used [0x00000000a0000000,0x00000000a4c184b8,0x00000000a9380000)
 Metaspace       used 93272K, capacity 98402K, committed 98496K, reserved 1134592K
  class space    used 12375K, capacity 13346K, committed 13440K, reserved 1048576K
}
Event: 1329.090 GC heap before
{Heap before GC invocations=22 (full 4):
 PSYoungGen      total 215552K, used 22295K [0x00000000e0000000, 0x00000000eff80000, 0x0000000100000000)
  eden space 183808K, 0% used [0x00000000e0000000,0x00000000e0000000,0x00000000eb380000)
  from space 31744K, 70% used [0x00000000ee080000,0x00000000ef645d58,0x00000000eff80000)
  to   space 38912K, 0% used [0x00000000eb380000,0x00000000eb380000,0x00000000ed980000)
 ParOldGen       total 151040K, used 77921K [0x00000000a0000000, 0x00000000a9380000, 0x00000000e0000000)
  object space 151040K, 51% used [0x00000000a0000000,0x00000000a4c184b8,0x00000000a9380000)
 Metaspace       used 93272K, capacity 98402K, committed 98496K, reserved 1134592K
  class space    used 12375K, capacity 13346K, committed 13440K, reserved 1048576K
Event: 1329.542 GC heap after
Heap after GC invocations=22 (full 4):
 PSYoungGen      total 215552K, used 0K [0x00000000e0000000, 0x00000000eff80000, 0x0000000100000000)
  eden space 183808K, 0% used [0x00000000e0000000,0x00000000e0000000,0x00000000eb380000)
  from space 31744K, 0% used [0x00000000ee080000,0x00000000ee080000,0x00000000eff80000)
  to   space 38912K, 0% used [0x00000000eb380000,0x00000000eb380000,0x00000000ed980000)
 ParOldGen       total 228864K, used 61779K [0x00000000a0000000, 0x00000000adf80000, 0x00000000e0000000)
  object space 228864K, 26% used [0x00000000a0000000,0x00000000a3c54da0,0x00000000adf80000)
 Metaspace       used 92771K, capacity 97062K, committed 98496K, reserved 1134592K
  class space    used 12203K, capacity 13044K, committed 13440K, reserved 1048576K
}
Event: 1437.982 GC heap before
{Heap before GC invocations=23 (full 4):
 PSYoungGen      total 215552K, used 183808K [0x00000000e0000000, 0x00000000eff80000, 0x0000000100000000)
  eden space 183808K, 100% used [0x00000000e0000000,0x00000000eb380000,0x00000000eb380000)
  from space 31744K, 0% used [0x00000000ee080000,0x00000000ee080000,0x00000000eff80000)
  to   space 38912K, 0% used [0x00000000eb380000,0x00000000eb380000,0x00000000ed980000)
 ParOldGen       total 228864K, used 61779K [0x00000000a0000000, 0x00000000adf80000, 0x00000000e0000000)
  object space 228864K, 26% used [0x00000000a0000000,0x00000000a3c54da0,0x00000000adf80000)
 Metaspace       used 93222K, capacity 97772K, committed 98752K, reserved 1134592K
  class space    used 12250K, capacity 13127K, committed 13440K, reserved 1048576K
Event: 1437.997 GC heap after
Heap after GC invocations=23 (full 4):
 PSYoungGen      total 222720K, used 10085K [0x00000000e0000000, 0x00000000f1480000, 0x0000000100000000)
  eden space 183808K, 0% used [0x00000000e0000000,0x00000000e0000000,0x00000000eb380000)
  from space 38912K, 25% used [0x00000000eb380000,0x00000000ebd59508,0x00000000ed980000)
  to   space 38400K, 0% used [0x00000000eef00000,0x00000000eef00000,0x00000000f1480000)
 ParOldGen       total 228864K, used 61787K [0x00000000a0000000, 0x00000000adf80000, 0x00000000e0000000)
  object space 228864K, 26% used [0x00000000a0000000,0x00000000a3c56da0,0x00000000adf80000)
 Metaspace       used 93222K, capacity 97772K, committed 98752K, reserved 1134592K
  class space    used 12250K, capacity 13127K, committed 13440K, reserved 1048576K
}
Event: 1459.705 GC heap before
{Heap before GC invocations=24 (full 4):
 PSYoungGen      total 222720K, used 193893K [0x00000000e0000000, 0x00000000f1480000, 0x0000000100000000)
  eden space 183808K, 100% used [0x00000000e0000000,0x00000000eb380000,0x00000000eb380000)
  from space 38912K, 25% used [0x00000000eb380000,0x00000000ebd59508,0x00000000ed980000)
  to   space 38400K, 0% used [0x00000000eef00000,0x00000000eef00000,0x00000000f1480000)
 ParOldGen       total 228864K, used 61787K [0x00000000a0000000, 0x00000000adf80000, 0x00000000e0000000)
  object space 228864K, 26% used [0x00000000a0000000,0x00000000a3c56da0,0x00000000adf80000)
 Metaspace       used 93792K, capacity 98920K, committed 99264K, reserved 1134592K
  class space    used 12326K, capacity 13265K, committed 13440K, reserved 1048576K
Event: 1459.741 GC heap after
Heap after GC invocations=24 (full 4):
 PSYoungGen      total 236544K, used 10608K [0x00000000e0000000, 0x00000000f0f80000, 0x0000000100000000)
  eden space 203264K, 0% used [0x00000000e0000000,0x00000000e0000000,0x00000000ec680000)
  from space 33280K, 31% used [0x00000000eef00000,0x00000000ef95c080,0x00000000f0f80000)
  to   space 37376K, 0% used [0x00000000ec680000,0x00000000ec680000,0x00000000eeb00000)
 ParOldGen       total 228864K, used 61795K [0x00000000a0000000, 0x00000000adf80000, 0x00000000e0000000)
  object space 228864K, 27% used [0x00000000a0000000,0x00000000a3c58da0,0x00000000adf80000)
 Metaspace       used 93792K, capacity 98920K, committed 99264K, reserved 1134592K
  class space    used 12326K, capacity 13265K, committed 13440K, reserved 1048576K
}
Event: 2001.308 GC heap before
{Heap before GC invocations=25 (full 4):
 PSYoungGen      total 236544K, used 213872K [0x00000000e0000000, 0x00000000f0f80000, 0x0000000100000000)
  eden space 203264K, 100% used [0x00000000e0000000,0x00000000ec680000,0x00000000ec680000)
  from space 33280K, 31% used [0x00000000eef00000,0x00000000ef95c080,0x00000000f0f80000)
  to   space 37376K, 0% used [0x00000000ec680000,0x00000000ec680000,0x00000000eeb00000)
 ParOldGen       total 228864K, used 61795K [0x00000000a0000000, 0x00000000adf80000, 0x00000000e0000000)
  object space 228864K, 27% used [0x00000000a0000000,0x00000000a3c58da0,0x00000000adf80000)
 Metaspace       used 95249K, capacity 100632K, committed 100864K, reserved 1136640K
  class space    used 12501K, capacity 13481K, committed 13568K, reserved 1048576K
Event: 2001.333 GC heap after
Heap after GC invocations=25 (full 4):
 PSYoungGen      total 240640K, used 11936K [0x00000000e0000000, 0x00000000f1e80000, 0x0000000100000000)
  eden space 203264K, 0% used [0x00000000e0000000,0x00000000e0000000,0x00000000ec680000)
  from space 37376K, 31% used [0x00000000ec680000,0x00000000ed228130,0x00000000eeb00000)
  to   space 36352K, 0% used [0x00000000efb00000,0x00000000efb00000,0x00000000f1e80000)
 ParOldGen       total 228864K, used 61803K [0x00000000a0000000, 0x00000000adf80000, 0x00000000e0000000)
  object space 228864K, 27% used [0x00000000a0000000,0x00000000a3c5ada0,0x00000000adf80000)
 Metaspace       used 95249K, capacity 100632K, committed 100864K, reserved 1136640K
  class space    used 12501K, capacity 13481K, committed 13568K, reserved 1048576K
}

